<?xml version="1.0" encoding="utf-8"?>
<testsuites>
<testsuite package="org.eslint" time="0" tests="1" errors="0" name="/home/sdouser/Desktop/assessment1/src/app.js">
<testcase time="0" name="/home/sdouser/Desktop/assessment1/src/app.js" classname="/home/sdouser/Desktop/assessment1/src/app" />
</testsuite>
<testsuite package="org.eslint" time="0" tests="1" errors="0" name="/home/sdouser/Desktop/assessment1/src/config/config.js">
<testcase time="0" name="/home/sdouser/Desktop/assessment1/src/config/config.js" classname="/home/sdouser/Desktop/assessment1/src/config/config" />
</testsuite>
<testsuite package="org.eslint" time="0" tests="1" errors="0" name="/home/sdouser/Desktop/assessment1/src/models/index.js">
<testcase time="0" name="/home/sdouser/Desktop/assessment1/src/models/index.js" classname="/home/sdouser/Desktop/assessment1/src/models/index" />
</testsuite>
<testsuite package="org.eslint" time="0" tests="1" errors="0" name="/home/sdouser/Desktop/assessment1/src/models/task.js">
<testcase time="0" name="/home/sdouser/Desktop/assessment1/src/models/task.js" classname="/home/sdouser/Desktop/assessment1/src/models/task" />
</testsuite>
<testsuite package="org.eslint" time="0" tests="1" errors="0" name="/home/sdouser/Desktop/assessment1/src/models/user.js">
<testcase time="0" name="/home/sdouser/Desktop/assessment1/src/models/user.js" classname="/home/sdouser/Desktop/assessment1/src/models/user" />
</testsuite>
<testsuite package="org.eslint" time="0" tests="1" errors="0" name="/home/sdouser/Desktop/assessment1/src/routes/index.js">
<testcase time="0" name="/home/sdouser/Desktop/assessment1/src/routes/index.js" classname="/home/sdouser/Desktop/assessment1/src/routes/index" />
</testsuite>
<testsuite package="org.eslint" time="0" tests="1" errors="0" name="/home/sdouser/Desktop/assessment1/src/routes/users.js">
<testcase time="0" name="/home/sdouser/Desktop/assessment1/src/routes/users.js" classname="/home/sdouser/Desktop/assessment1/src/routes/users" />
</testsuite>
</testsuites>
