<?xml version="1.0" encoding="UTF-8"?>
<testsuites name="Mocha Tests" time="1.6120" tests="2" failures="3">
  <testsuite name="Root Suite" timestamp="2020-04-17T10:45:00" tests="0" time="0.0000" failures="0">
  </testsuite>
  <testsuite name="models/index" timestamp="2020-04-17T10:45:00" tests="2" file="/home/sdouser/Desktop/assessment1/src/test/unit/index.test.js" time="1.5960" failures="2">
    <testcase name="models/index returns the task model" time="1.5750" classname="returns the task model">
      <failure message="Please install sqlite3 package manually" type="Error"><![CDATA[Error: Please install sqlite3 package manually
    at new ConnectionManager (node_modules/sequelize/lib/dialects/sqlite/connection-manager.js:25:13)
    at new SqliteDialect (node_modules/sequelize/lib/dialects/sqlite/index.js:12:28)
    at new Sequelize (node_modules/sequelize/lib/sequelize.js:233:18)
    at Object.<anonymous> (models/index.js:16:15)
    at Module._compile (internal/modules/cjs/loader.js:1147:30)
    at Object.Module._extensions..js (internal/modules/cjs/loader.js:1167:10)
    at Module.load (internal/modules/cjs/loader.js:996:32)
    at Function.Module._load (internal/modules/cjs/loader.js:896:14)
    at Module.require (internal/modules/cjs/loader.js:1036:19)
    at require (internal/modules/cjs/helpers.js:72:18)
    at Context.<anonymous> (test/unit/index.test.js:7:18)
    at processImmediate (internal/timers.js:456:21)]]></failure>
    </testcase>
    <testcase name="models/index returns the user model" time="0.0210" classname="returns the user model">
      <failure message="Please install sqlite3 package manually" type="Error"><![CDATA[Error: Please install sqlite3 package manually
    at new ConnectionManager (node_modules/sequelize/lib/dialects/sqlite/connection-manager.js:25:13)
    at new SqliteDialect (node_modules/sequelize/lib/dialects/sqlite/index.js:12:28)
    at new Sequelize (node_modules/sequelize/lib/sequelize.js:233:18)
    at Object.<anonymous> (models/index.js:16:15)
    at Module._compile (internal/modules/cjs/loader.js:1147:30)
    at Object.Module._extensions..js (internal/modules/cjs/loader.js:1167:10)
    at Module.load (internal/modules/cjs/loader.js:996:32)
    at Function.Module._load (internal/modules/cjs/loader.js:896:14)
    at Module.require (internal/modules/cjs/loader.js:1036:19)
    at require (internal/modules/cjs/helpers.js:72:18)
    at Context.<anonymous> (test/unit/index.test.js:12:18)
    at processImmediate (internal/timers.js:456:21)]]></failure>
    </testcase>
  </testsuite>
  <testsuite name="models/task" timestamp="2020-04-17T10:45:01" tests="0" file="/home/sdouser/Desktop/assessment1/src/test/unit/task.test.js" time="0.0160" failures="1">
    <testcase name="models/task &quot;before all&quot; hook" time="0.0160" classname="&quot;before all&quot; hook">
      <failure message="Please install sqlite3 package manually" type="Error"><![CDATA[Error: Please install sqlite3 package manually
    at new ConnectionManager (node_modules/sequelize/lib/dialects/sqlite/connection-manager.js:25:13)
    at new SqliteDialect (node_modules/sequelize/lib/dialects/sqlite/index.js:12:28)
    at new Sequelize (node_modules/sequelize/lib/sequelize.js:233:18)
    at Object.<anonymous> (models/index.js:16:15)
    at Module._compile (internal/modules/cjs/loader.js:1147:30)
    at Object.Module._extensions..js (internal/modules/cjs/loader.js:1167:10)
    at Module.load (internal/modules/cjs/loader.js:996:32)
    at Function.Module._load (internal/modules/cjs/loader.js:896:14)
    at Module.require (internal/modules/cjs/loader.js:1036:19)
    at require (internal/modules/cjs/helpers.js:72:18)
    at Context.<anonymous> (test/unit/task.test.js:7:14)
    at processImmediate (internal/timers.js:456:21)]]></failure>
    </testcase>
  </testsuite>
</testsuites>